{"timestamp": "2026-05-04T22:45:00.373359+00:00", "cycle": 1, "run_id": "live_scan_loop_001", "decision": "HOLD", "order_status": "NO_EXECUTE", "failure_code": "no_setup_match", "ticket": null, "open_positions": 4, "balance": 99999.59, "equity": 99999.49, "verdict": "PASS", "exit_code": 0}
{"timestamp": "2026-05-04T22:45:00.373715+00:00", "cycle": 1, "run_id": "live_scan_loop_001", "decision": "HOLD", "order_status": "NO_EXECUTE", "failure_code": "no_setup_match", "ticket": null, "open_positions": 4, "balance": 99999.59, "equity": 99999.49, "verdict": "PASS", "exit_code": 0}
{"timestamp": "2026-05-04T23:00:00.364463+00:00", "cycle": 2, "run_id": "live_scan_loop_002", "decision": "HOLD", "order_status": "NO_EXECUTE", "failure_code": "no_setup_match", "ticket": null, "open_positions": 4, "balance": 99999.59, "equity": 99999.13, "verdict": "PASS", "exit_code": 0}
{"timestamp": "2026-05-04T23:00:00.366850+00:00", "cycle": 2, "run_id": "live_scan_loop_002", "decision": "HOLD", "order_status": "NO_EXECUTE", "failure_code": "no_setup_match", "ticket": null, "open_positions": 4, "balance": 99999.59, "equity": 99999.13, "verdict": "PASS", "exit_code": 0}
{"timestamp": "2026-05-04T23:15:00.376714+00:00", "cycle": 3, "run_id": "live_scan_loop_003", "decision": "HOLD", "order_status": "NO_EXECUTE", "failure_code": "no_setup_match", "ticket": null, "open_positions": 4, "balance": 99999.59, "equity": 99999.45, "verdict": "PASS", "exit_code": 0}
{"timestamp": "2026-05-04T23:15:00.377293+00:00", "cycle": 3, "run_id": "live_scan_loop_003", "decision": "HOLD", "order_status": "NO_EXECUTE", "failure_code": "no_setup_match", "ticket": null, "open_positions": 4, "balance": 99999.59, "equity": 99999.45, "verdict": "PASS", "exit_code": 0}
{"timestamp": "2026-05-04T23:30:00.473397+00:00", "cycle": 4, "run_id": "live_scan_loop_004", "decision": "HOLD", "order_status": "NO_EXECUTE", "failure_code": "no_setup_match", "ticket": null, "open_positions": 4, "balance": 99999.59, "equity": 99999.73, "verdict": "PASS", "exit_code": 0}
{"timestamp": "2026-05-04T23:30:00.433105+00:00", "cycle": 4, "run_id": "live_scan_loop_004", "decision": "HOLD", "order_status": "NO_EXECUTE", "failure_code": "no_setup_match", "ticket": null, "open_positions": 4, "balance": 99999.59, "equity": 99999.73, "verdict": "PASS", "exit_code": 0}
{"timestamp": "2026-05-05T02:45:00.792526+00:00", "cycle": 1, "run_id": "live_scan_loop_001", "decision": "HOLD", "order_status": "NO_EXECUTE", "failure_code": "h1_contradiction", "ticket": null, "open_positions": 4, "balance": 99999.59, "equity": 99999.41, "verdict": "PASS", "exit_code": 0}
{"timestamp": "2026-05-05T03:00:00.524232+00:00", "cycle": 1, "run_id": "live_scan_loop_001", "decision": "HOLD", "order_status": "NO_EXECUTE", "failure_code": "h1_contradiction", "ticket": null, "open_positions": 0, "balance": 99998.79, "equity": 99998.79, "verdict": "PASS", "exit_code": 0}
{"timestamp": "2026-05-05T03:15:01.180816+00:00", "cycle": 2, "run_id": "live_scan_loop_002", "decision": "HOLD", "order_status": "NO_EXECUTE", "failure_code": "h1_contradiction", "ticket": null, "open_positions": 0, "balance": 99998.79, "equity": 99998.79, "verdict": "PASS", "exit_code": 0}
{"timestamp": "2026-05-05T03:30:00.347378+00:00", "cycle": 3, "run_id": "live_scan_loop_003", "decision": "HOLD", "order_status": "NO_EXECUTE", "failure_code": "no_setup_match", "ticket": null, "open_positions": 0, "balance": 99998.79, "equity": 99998.79, "verdict": "PASS", "exit_code": 0}
{"timestamp": "2026-05-05T03:45:00.368622+00:00", "cycle": 4, "run_id": "live_scan_loop_004", "decision": "HOLD", "order_status": "NO_EXECUTE", "failure_code": "no_setup_match", "ticket": null, "open_positions": 0, "balance": 99998.79, "equity": 99998.79, "verdict": "PASS", "exit_code": 0}
{"timestamp": "2026-05-05T04:00:00.379835+00:00", "cycle": 5, "run_id": "live_scan_loop_005", "decision": "HOLD", "order_status": "NO_EXECUTE", "failure_code": "no_setup_match", "ticket": null, "open_positions": 0, "balance": 99998.79, "equity": 99998.79, "verdict": "PASS", "exit_code": 0}
{"timestamp": "2026-05-05T04:15:00.357017+00:00", "cycle": 6, "run_id": "live_scan_loop_006", "decision": "HOLD", "order_status": "NO_EXECUTE", "failure_code": "h1_contradiction", "ticket": null, "open_positions": 0, "balance": 99998.79, "equity": 99998.79, "verdict": "PASS", "exit_code": 0}
{"timestamp": "2026-05-05T04:30:00.355758+00:00", "cycle": 7, "run_id": "live_scan_loop_007", "decision": "HOLD", "order_status": "NO_EXECUTE", "failure_code": "no_setup_match", "ticket": null, "open_positions": 0, "balance": 99998.79, "equity": 99998.79, "verdict": "PASS", "exit_code": 0}
{"timestamp": "2026-05-05T04:45:00.365423+00:00", "cycle": 8, "run_id": "live_scan_loop_008", "decision": "HOLD", "order_status": "NO_EXECUTE", "failure_code": "no_setup_match", "ticket": null, "open_positions": 0, "balance": 99998.79, "equity": 99998.79, "verdict": "PASS", "exit_code": 0}
{"timestamp": "2026-05-05T05:00:01.037870+00:00", "cycle": 9, "run_id": "live_scan_loop_009", "decision": "HOLD", "order_status": "NO_EXECUTE", "failure_code": "no_setup_match", "ticket": null, "open_positions": 0, "balance": 99998.79, "equity": 99998.79, "verdict": "PASS", "exit_code": 0}
{"timestamp": "2026-05-05T05:15:00.483856+00:00", "cycle": 10, "run_id": "live_scan_loop_010", "decision": "HOLD", "order_status": "NO_EXECUTE", "failure_code": "no_setup_match", "ticket": null, "open_positions": 0, "balance": 99998.79, "equity": 99998.79, "verdict": "PASS", "exit_code": 0}
{"timestamp": "2026-05-05T05:30:00.506561+00:00", "cycle": 11, "run_id": "live_scan_loop_011", "decision": "HOLD", "order_status": "NO_EXECUTE", "failure_code": "no_setup_match", "ticket": null, "open_positions": 0, "balance": 99998.79, "equity": 99998.79, "verdict": "PASS", "exit_code": 0}
{"timestamp": "2026-05-05T05:45:00.389950+00:00", "cycle": 12, "run_id": "live_scan_loop_012", "decision": "HOLD", "order_status": "NO_EXECUTE", "failure_code": "gate_blocked_setup_disabled", "ticket": null, "open_positions": 0, "balance": 99998.79, "equity": 99998.79, "verdict": "PASS", "exit_code": 0}
{"timestamp": "2026-05-05T06:00:00.437588+00:00", "cycle": 13, "run_id": "live_scan_loop_013", "decision": "HOLD", "order_status": "NO_EXECUTE", "failure_code": "no_setup_match", "ticket": null, "open_positions": 0, "balance": 99998.79, "equity": 99998.79, "verdict": "PASS", "exit_code": 0}
{"timestamp": "2026-05-05T06:15:00.517560+00:00", "cycle": 14, "run_id": "live_scan_loop_014", "decision": "HOLD", "order_status": "NO_EXECUTE", "failure_code": "no_setup_match", "ticket": null, "open_positions": 0, "balance": 99998.79, "equity": 99998.79, "verdict": "PASS", "exit_code": 0}
{"timestamp": "2026-05-05T06:30:00.517630+00:00", "cycle": 15, "run_id": "live_scan_loop_015", "decision": "HOLD", "order_status": "NO_EXECUTE", "failure_code": "no_setup_match", "ticket": null, "open_positions": 0, "balance": 99998.79, "equity": 99998.79, "verdict": "PASS", "exit_code": 0}
{"timestamp": "2026-05-05T06:45:01.295121+00:00", "cycle": 16, "run_id": "live_scan_loop_016", "decision": "HOLD", "order_status": "NO_EXECUTE", "failure_code": "no_setup_match", "ticket": null, "open_positions": 0, "balance": 99998.79, "equity": 99998.79, "verdict": "PASS", "exit_code": 0}
{"timestamp": "2026-05-05T07:00:00.353471+00:00", "cycle": 17, "run_id": "live_scan_loop_017", "decision": "HOLD", "order_status": "NO_EXECUTE", "failure_code": "no_setup_match", "ticket": null, "open_positions": 0, "balance": 99998.79, "equity": 99998.79, "verdict": "PASS", "exit_code": 0}
{"timestamp": "2026-05-05T07:15:00.390275+00:00", "cycle": 18, "run_id": "live_scan_loop_018", "decision": "HOLD", "order_status": "NO_EXECUTE", "failure_code": "no_setup_match", "ticket": null, "open_positions": 0, "balance": 99998.79, "equity": 99998.79, "verdict": "PASS", "exit_code": 0}
{"timestamp": "2026-05-05T07:30:00.357952+00:00", "cycle": 19, "run_id": "live_scan_loop_019", "decision": "HOLD", "order_status": "NO_EXECUTE", "failure_code": "no_setup_match", "ticket": null, "open_positions": 0, "balance": 99998.79, "equity": 99998.79, "verdict": "PASS", "exit_code": 0}
{"timestamp": "2026-05-05T07:45:00.529979+00:00", "cycle": 1, "run_id": "live_scan_loop_001", "decision": "HOLD", "order_status": "NO_EXECUTE", "failure_code": "no_setup_match", "ticket": null, "open_positions": 0, "balance": 99998.79, "equity": 99998.79, "verdict": "PASS", "exit_code": 0}
{"timestamp": "2026-05-05T08:00:00.470638+00:00", "cycle": 2, "run_id": "live_scan_loop_002", "decision": "HOLD", "order_status": "NO_EXECUTE", "failure_code": "no_setup_match", "ticket": null, "open_positions": 0, "balance": 99998.79, "equity": 99998.79, "verdict": "PASS", "exit_code": 0}
{"timestamp": "2026-05-05T08:15:00.381699+00:00", "cycle": 3, "run_id": "live_scan_loop_003", "decision": "HOLD", "order_status": "NO_EXECUTE", "failure_code": "no_setup_match", "ticket": null, "open_positions": 0, "balance": 99998.79, "equity": 99998.79, "verdict": "PASS", "exit_code": 0}
{"timestamp": "2026-05-05T08:30:00.414534+00:00", "cycle": 4, "run_id": "live_scan_loop_004", "decision": "HOLD", "order_status": "NO_EXECUTE", "failure_code": "no_setup_match", "ticket": null, "open_positions": 0, "balance": 99998.79, "equity": 99998.79, "verdict": "PASS", "exit_code": 0}
{"timestamp": "2026-05-05T08:45:00.381395+00:00", "cycle": 5, "run_id": "live_scan_loop_005", "decision": "HOLD", "order_status": "NO_EXECUTE", "failure_code": "gate_blocked_setup_disabled", "ticket": null, "open_positions": 0, "balance": 99998.79, "equity": 99998.79, "verdict": "PASS", "exit_code": 0}
{"timestamp": "2026-05-05T09:00:00.425665+00:00", "cycle": 6, "run_id": "live_scan_loop_006", "decision": "HOLD", "order_status": "NO_EXECUTE", "failure_code": "no_setup_match", "ticket": null, "open_positions": 0, "balance": 99998.79, "equity": 99998.79, "verdict": "PASS", "exit_code": 0}
{"timestamp": "2026-05-05T09:15:00.346581+00:00", "cycle": 7, "run_id": "live_scan_loop_007", "decision": "UNKNOWN", "order_status": "N/A", "failure_code": "runtime_error:mt5_initialize_failed", "ticket": null, "open_positions": 0, "balance": null, "equity": null, "verdict": "FAIL", "exit_code": 1}
{"timestamp": "2026-05-05T09:30:00.348367+00:00", "cycle": 8, "run_id": "live_scan_loop_008", "decision": "UNKNOWN", "order_status": "N/A", "failure_code": "runtime_error:mt5_initialize_failed", "ticket": null, "open_positions": 0, "balance": null, "equity": null, "verdict": "FAIL", "exit_code": 1}
{"timestamp": "2026-05-05T09:45:00.349830+00:00", "cycle": 9, "run_id": "live_scan_loop_009", "decision": "UNKNOWN", "order_status": "N/A", "failure_code": "runtime_error:mt5_initialize_failed", "ticket": null, "open_positions": 0, "balance": null, "equity": null, "verdict": "FAIL", "exit_code": 1}
{"timestamp": "2026-05-05T10:00:00.381781+00:00", "cycle": 10, "run_id": "live_scan_loop_010", "decision": "UNKNOWN", "order_status": "N/A", "failure_code": "runtime_error:mt5_initialize_failed", "ticket": null, "open_positions": 0, "balance": null, "equity": null, "verdict": "FAIL", "exit_code": 1}
{"timestamp": "2026-05-05T10:15:00.354658+00:00", "cycle": 11, "run_id": "live_scan_loop_011", "decision": "UNKNOWN", "order_status": "N/A", "failure_code": "runtime_error:mt5_initialize_failed", "ticket": null, "open_positions": 0, "balance": null, "equity": null, "verdict": "FAIL", "exit_code": 1}
{"timestamp": "2026-05-05T10:30:00.353785+00:00", "cycle": 12, "run_id": "live_scan_loop_012", "decision": "UNKNOWN", "order_status": "N/A", "failure_code": "runtime_error:mt5_initialize_failed", "ticket": null, "open_positions": 0, "balance": null, "equity": null, "verdict": "FAIL", "exit_code": 1}
{"timestamp": "2026-05-05T10:45:00.355729+00:00", "cycle": 13, "run_id": "live_scan_loop_013", "decision": "UNKNOWN", "order_status": "N/A", "failure_code": "runtime_error:mt5_initialize_failed", "ticket": null, "open_positions": 0, "balance": null, "equity": null, "verdict": "FAIL", "exit_code": 1}
{"timestamp": "2026-05-05T11:00:00.371420+00:00", "cycle": 14, "run_id": "live_scan_loop_014", "decision": "UNKNOWN", "order_status": "N/A", "failure_code": "runtime_error:mt5_initialize_failed", "ticket": null, "open_positions": 0, "balance": null, "equity": null, "verdict": "FAIL", "exit_code": 1}
{"timestamp": "2026-05-05T11:15:00.341827+00:00", "cycle": 15, "run_id": "live_scan_loop_015", "decision": "UNKNOWN", "order_status": "N/A", "failure_code": "runtime_error:mt5_initialize_failed", "ticket": null, "open_positions": 0, "balance": null, "equity": null, "verdict": "FAIL", "exit_code": 1}
{"timestamp": "2026-05-05T11:30:00.361056+00:00", "cycle": 16, "run_id": "live_scan_loop_016", "decision": "UNKNOWN", "order_status": "N/A", "failure_code": "runtime_error:mt5_initialize_failed", "ticket": null, "open_positions": 0, "balance": null, "equity": null, "verdict": "FAIL", "exit_code": 1}
{"timestamp": "2026-05-05T11:45:00.350064+00:00", "cycle": 17, "run_id": "live_scan_loop_017", "decision": "UNKNOWN", "order_status": "N/A", "failure_code": "runtime_error:mt5_initialize_failed", "ticket": null, "open_positions": 0, "balance": null, "equity": null, "verdict": "FAIL", "exit_code": 1}
{"timestamp": "2026-05-05T12:00:00.585089+00:00", "cycle": 1, "run_id": "live_scan_loop_001", "decision": "HOLD", "order_status": "NO_EXECUTE", "failure_code": "h1_contradiction", "ticket": null, "open_positions": 0, "balance": 99998.79, "equity": 99998.79, "verdict": "PASS", "exit_code": 0}
{"timestamp": "2026-05-05T12:15:00.378814+00:00", "cycle": 2, "run_id": "live_scan_loop_002", "decision": "HOLD", "order_status": "NO_EXECUTE", "failure_code": "no_setup_match", "ticket": null, "open_positions": 0, "balance": 99998.79, "equity": 99998.79, "verdict": "PASS", "exit_code": 0}
{"timestamp": "2026-05-05T12:30:00.446780+00:00", "cycle": 3, "run_id": "live_scan_loop_003", "decision": "HOLD", "order_status": "NO_EXECUTE", "failure_code": "gate_blocked_setup_disabled", "ticket": null, "open_positions": 0, "balance": 99998.79, "equity": 99998.79, "verdict": "PASS", "exit_code": 0}
{"timestamp": "2026-05-05T12:45:00.399200+00:00", "cycle": 4, "run_id": "live_scan_loop_004", "decision": "HOLD", "order_status": "NO_EXECUTE", "failure_code": "tier_b_requires_h1_participation", "ticket": null, "open_positions": 0, "balance": 99998.79, "equity": 99998.79, "verdict": "PASS", "exit_code": 0}
{"timestamp": "2026-05-05T13:00:00.385723+00:00", "cycle": 5, "run_id": "live_scan_loop_005", "decision": "HOLD", "order_status": "NO_EXECUTE", "failure_code": "tier_b_requires_h1_participation", "ticket": null, "open_positions": 0, "balance": 99998.79, "equity": 99998.79, "verdict": "PASS", "exit_code": 0}
{"timestamp": "2026-05-05T13:15:00.456999+00:00", "cycle": 6, "run_id": "live_scan_loop_006", "decision": "HOLD", "order_status": "NO_EXECUTE", "failure_code": "gate_blocked_setup_disabled", "ticket": null, "open_positions": 0, "balance": 99998.79, "equity": 99998.79, "verdict": "PASS", "exit_code": 0}
{"timestamp": "2026-05-05T13:30:00.391352+00:00", "cycle": 7, "run_id": "live_scan_loop_007", "decision": "HOLD", "order_status": "NO_EXECUTE", "failure_code": "gate_blocked_setup_disabled", "ticket": null, "open_positions": 0, "balance": 99998.79, "equity": 99998.79, "verdict": "PASS", "exit_code": 0}
{"timestamp": "2026-05-05T13:45:00.391951+00:00", "cycle": 8, "run_id": "live_scan_loop_008", "decision": "HOLD", "order_status": "NO_EXECUTE", "failure_code": "h1_neutral_gate", "ticket": null, "open_positions": 0, "balance": 99998.79, "equity": 99998.79, "verdict": "PASS", "exit_code": 0}
{"timestamp": "2026-05-05T14:00:00.395704+00:00", "cycle": 9, "run_id": "live_scan_loop_009", "decision": "HOLD", "order_status": "NO_EXECUTE", "failure_code": "h1_neutral_gate", "ticket": null, "open_positions": 0, "balance": 99998.79, "equity": 99998.79, "verdict": "PASS", "exit_code": 0}
{"timestamp": "2026-05-05T14:15:00.405727+00:00", "cycle": 10, "run_id": "live_scan_loop_010", "decision": "HOLD", "order_status": "NO_EXECUTE", "failure_code": "no_setup_match", "ticket": null, "open_positions": 0, "balance": 99998.79, "equity": 99998.79, "verdict": "PASS", "exit_code": 0}
{"timestamp": "2026-05-05T14:30:00.408346+00:00", "cycle": 11, "run_id": "live_scan_loop_011", "decision": "HOLD", "order_status": "NO_EXECUTE", "failure_code": "no_setup_match", "ticket": null, "open_positions": 0, "balance": 99998.79, "equity": 99998.79, "verdict": "PASS", "exit_code": 0}
{"timestamp": "2026-05-05T14:45:00.398936+00:00", "cycle": 12, "run_id": "live_scan_loop_012", "decision": "HOLD", "order_status": "NO_EXECUTE", "failure_code": "no_setup_match", "ticket": null, "open_positions": 0, "balance": 99998.79, "equity": 99998.79, "verdict": "PASS", "exit_code": 0}
{"timestamp": "2026-05-05T15:00:00.443207+00:00", "cycle": 13, "run_id": "live_scan_loop_013", "decision": "HOLD", "order_status": "NO_EXECUTE", "failure_code": "no_setup_match", "ticket": null, "open_positions": 0, "balance": 99998.79, "equity": 99998.79, "verdict": "PASS", "exit_code": 0}
{"timestamp": "2026-05-05T15:15:01.473117+00:00", "cycle": 14, "run_id": "live_scan_loop_014", "decision": "HOLD", "order_status": "NO_EXECUTE", "failure_code": "no_setup_match", "ticket": null, "open_positions": 0, "balance": 99998.79, "equity": 99998.79, "verdict": "PASS", "exit_code": 0}
{"timestamp": "2026-05-05T15:30:00.517912+00:00", "cycle": 15, "run_id": "live_scan_loop_015", "decision": "HOLD", "order_status": "NO_EXECUTE", "failure_code": "no_setup_match", "ticket": null, "open_positions": 0, "balance": 99998.79, "equity": 99998.79, "verdict": "PASS", "exit_code": 0}
{"timestamp": "2026-05-05T15:45:00.403642+00:00", "cycle": 16, "run_id": "live_scan_loop_016", "decision": "HOLD", "order_status": "NO_EXECUTE", "failure_code": "no_setup_match", "ticket": null, "open_positions": 0, "balance": 99998.79, "equity": 99998.79, "verdict": "PASS", "exit_code": 0}
{"timestamp": "2026-05-05T16:00:00.395685+00:00", "cycle": 17, "run_id": "live_scan_loop_017", "decision": "HOLD", "order_status": "NO_EXECUTE", "failure_code": "no_setup_match", "ticket": null, "open_positions": 0, "balance": 99998.79, "equity": 99998.79, "verdict": "PASS", "exit_code": 0}
{"timestamp": "2026-05-05T16:15:00.380840+00:00", "cycle": 18, "run_id": "live_scan_loop_018", "decision": "HOLD", "order_status": "NO_EXECUTE", "failure_code": "gate_blocked_setup_disabled", "ticket": null, "open_positions": 0, "balance": 99998.79, "equity": 99998.79, "verdict": "PASS", "exit_code": 0}
{"timestamp": "2026-05-05T16:30:00.592160+00:00", "cycle": 19, "run_id": "live_scan_loop_019", "decision": "HOLD", "order_status": "NO_EXECUTE", "failure_code": "gate_blocked_setup_disabled", "ticket": null, "open_positions": 0, "balance": 99998.79, "equity": 99998.79, "verdict": "PASS", "exit_code": 0}
{"timestamp": "2026-05-05T16:45:00.424622+00:00", "cycle": 20, "run_id": "live_scan_loop_020", "decision": "HOLD", "order_status": "NO_EXECUTE", "failure_code": "gate_blocked_setup_disabled", "ticket": null, "open_positions": 0, "balance": 99998.79, "equity": 99998.79, "verdict": "PASS", "exit_code": 0}
{"timestamp": "2026-05-05T17:00:00.487618+00:00", "cycle": 21, "run_id": "live_scan_loop_021", "decision": "HOLD", "order_status": "NO_EXECUTE", "failure_code": "gate_blocked_setup_disabled", "ticket": null, "open_positions": 0, "balance": 99998.79, "equity": 99998.79, "verdict": "PASS", "exit_code": 0}
{"timestamp": "2026-05-05T17:15:00.417344+00:00", "cycle": 22, "run_id": "live_scan_loop_022", "decision": "HOLD", "order_status": "NO_EXECUTE", "failure_code": "gate_blocked_setup_disabled", "ticket": null, "open_positions": 0, "balance": 99998.79, "equity": 99998.79, "verdict": "PASS", "exit_code": 0}
{"timestamp": "2026-05-05T17:30:00.423955+00:00", "cycle": 23, "run_id": "live_scan_loop_023", "decision": "HOLD", "order_status": "NO_EXECUTE", "failure_code": "gate_blocked_setup_disabled", "ticket": null, "open_positions": 0, "balance": 99998.79, "equity": 99998.79, "verdict": "PASS", "exit_code": 0}
{"timestamp": "2026-05-05T17:45:00.435690+00:00", "cycle": 24, "run_id": "live_scan_loop_024", "decision": "HOLD", "order_status": "NO_EXECUTE", "failure_code": "gate_blocked_setup_disabled", "ticket": null, "open_positions": 0, "balance": 99998.79, "equity": 99998.79, "verdict": "PASS", "exit_code": 0}
{"timestamp": "2026-05-06T00:15:01.652363+00:00", "cycle": 1, "run_id": "live_scan_loop_001", "decision": "HOLD", "order_status": "NO_EXECUTE", "failure_code": "no_setup_match", "ticket": null, "open_positions": 0, "balance": 99998.79, "equity": 99998.79, "verdict": "PASS", "exit_code": 0}
{"timestamp": "2026-05-06T00:30:00.429552+00:00", "cycle": 2, "run_id": "live_scan_loop_002", "decision": "HOLD", "order_status": "NO_EXECUTE", "failure_code": "no_setup_match", "ticket": null, "open_positions": 0, "balance": 99998.79, "equity": 99998.79, "verdict": "PASS", "exit_code": 0}
{"timestamp": "2026-05-06T00:45:00.422896+00:00", "cycle": 3, "run_id": "live_scan_loop_003", "decision": "HOLD", "order_status": "NO_EXECUTE", "failure_code": "no_setup_match", "ticket": null, "open_positions": 0, "balance": 99998.79, "equity": 99998.79, "verdict": "PASS", "exit_code": 0}
{"timestamp": "2026-05-06T01:00:00.427512+00:00", "cycle": 4, "run_id": "live_scan_loop_004", "decision": "HOLD", "order_status": "NO_EXECUTE", "failure_code": "no_setup_match", "ticket": null, "open_positions": 0, "balance": 99998.79, "equity": 99998.79, "verdict": "PASS", "exit_code": 0}
{"timestamp": "2026-05-06T01:15:00.437240+00:00", "cycle": 5, "run_id": "live_scan_loop_005", "decision": "HOLD", "order_status": "NO_EXECUTE", "failure_code": "no_setup_match", "ticket": null, "open_positions": 0, "balance": 99998.79, "equity": 99998.79, "verdict": "PASS", "exit_code": 0}
{"timestamp": "2026-05-06T01:30:00.423732+00:00", "cycle": 6, "run_id": "live_scan_loop_006", "decision": "HOLD", "order_status": "NO_EXECUTE", "failure_code": "no_setup_match", "ticket": null, "open_positions": 0, "balance": 99998.79, "equity": 99998.79, "verdict": "PASS", "exit_code": 0}
{"timestamp": "2026-05-06T01:45:00.462276+00:00", "cycle": 7, "run_id": "live_scan_loop_007", "decision": "HOLD", "order_status": "NO_EXECUTE", "failure_code": "no_setup_match", "ticket": null, "open_positions": 0, "balance": 99998.79, "equity": 99998.79, "verdict": "PASS", "exit_code": 0}
{"timestamp": "2026-05-06T02:00:00.418490+00:00", "cycle": 8, "run_id": "live_scan_loop_008", "decision": "HOLD", "order_status": "NO_EXECUTE", "failure_code": "no_setup_match", "ticket": null, "open_positions": 0, "balance": 99998.79, "equity": 99998.79, "verdict": "PASS", "exit_code": 0}
{"timestamp": "2026-05-06T02:15:00.425118+00:00", "cycle": 9, "run_id": "live_scan_loop_009", "decision": "HOLD", "order_status": "NO_EXECUTE", "failure_code": "no_setup_match", "ticket": null, "open_positions": 0, "balance": 99998.79, "equity": 99998.79, "verdict": "PASS", "exit_code": 0}
{"timestamp": "2026-05-06T02:30:00.460742+00:00", "cycle": 10, "run_id": "live_scan_loop_010", "decision": "HOLD", "order_status": "NO_EXECUTE", "failure_code": "h1_neutral_gate", "ticket": null, "open_positions": 0, "balance": 99998.79, "equity": 99998.79, "verdict": "PASS", "exit_code": 0}
{"timestamp": "2026-05-06T02:45:00.417867+00:00", "cycle": 11, "run_id": "live_scan_loop_011", "decision": "HOLD", "order_status": "NO_EXECUTE", "failure_code": "h1_neutral_gate", "ticket": null, "open_positions": 0, "balance": 99998.79, "equity": 99998.79, "verdict": "PASS", "exit_code": 0}
{"timestamp": "2026-05-06T03:00:00.415810+00:00", "cycle": 12, "run_id": "live_scan_loop_012", "decision": "HOLD", "order_status": "NO_EXECUTE", "failure_code": "h1_neutral_gate", "ticket": null, "open_positions": 0, "balance": 99998.79, "equity": 99998.79, "verdict": "PASS", "exit_code": 0}
{"timestamp": "2026-05-06T03:15:01.430642+00:00", "cycle": 13, "run_id": "live_scan_loop_013", "decision": "HOLD", "order_status": "NO_EXECUTE", "failure_code": "no_setup_match", "ticket": null, "open_positions": 0, "balance": 99998.79, "equity": 99998.79, "verdict": "PASS", "exit_code": 0}
{"timestamp": "2026-05-06T03:30:00.440265+00:00", "cycle": 14, "run_id": "live_scan_loop_014", "decision": "HOLD", "order_status": "NO_EXECUTE", "failure_code": "no_setup_match", "ticket": null, "open_positions": 0, "balance": 99998.79, "equity": 99998.79, "verdict": "PASS", "exit_code": 0}
{"timestamp": "2026-05-06T03:45:00.435916+00:00", "cycle": 15, "run_id": "live_scan_loop_015", "decision": "HOLD", "order_status": "NO_EXECUTE", "failure_code": "no_setup_match", "ticket": null, "open_positions": 0, "balance": 99998.79, "equity": 99998.79, "verdict": "PASS", "exit_code": 0}
{"timestamp": "2026-05-06T04:00:00.435403+00:00", "cycle": 16, "run_id": "live_scan_loop_016", "decision": "HOLD", "order_status": "NO_EXECUTE", "failure_code": "h1_neutral_gate", "ticket": null, "open_positions": 0, "balance": 99998.79, "equity": 99998.79, "verdict": "PASS", "exit_code": 0}
{"timestamp": "2026-05-06T04:15:00.445953+00:00", "cycle": 17, "run_id": "live_scan_loop_017", "decision": "HOLD", "order_status": "NO_EXECUTE", "failure_code": "no_setup_match", "ticket": null, "open_positions": 0, "balance": 99998.79, "equity": 99998.79, "verdict": "PASS", "exit_code": 0}
{"timestamp": "2026-05-06T04:30:00.501858+00:00", "cycle": 18, "run_id": "live_scan_loop_018", "decision": "HOLD", "order_status": "NO_EXECUTE", "failure_code": "no_setup_match", "ticket": null, "open_positions": 0, "balance": 99998.79, "equity": 99998.79, "verdict": "PASS", "exit_code": 0}
{"timestamp": "2026-05-06T04:45:00.425836+00:00", "cycle": 19, "run_id": "live_scan_loop_019", "decision": "HOLD", "order_status": "NO_EXECUTE", "failure_code": "no_setup_match", "ticket": null, "open_positions": 0, "balance": 99998.79, "equity": 99998.79, "verdict": "PASS", "exit_code": 0}
{"timestamp": "2026-05-06T05:00:00.508216+00:00", "cycle": 20, "run_id": "live_scan_loop_020", "decision": "HOLD", "order_status": "NO_EXECUTE", "failure_code": "no_setup_match", "ticket": null, "open_positions": 0, "balance": 99998.79, "equity": 99998.79, "verdict": "PASS", "exit_code": 0}
{"timestamp": "2026-05-06T05:15:00.420432+00:00", "cycle": 21, "run_id": "live_scan_loop_021", "decision": "HOLD", "order_status": "NO_EXECUTE", "failure_code": "no_setup_match", "ticket": null, "open_positions": 0, "balance": 99998.79, "equity": 99998.79, "verdict": "PASS", "exit_code": 0}
{"timestamp": "2026-05-06T05:30:00.514185+00:00", "cycle": 22, "run_id": "live_scan_loop_022", "decision": "HOLD", "order_status": "NO_EXECUTE", "failure_code": "no_setup_match", "ticket": null, "open_positions": 0, "balance": 99998.79, "equity": 99998.79, "verdict": "PASS", "exit_code": 0}
{"timestamp": "2026-05-06T05:45:00.428246+00:00", "cycle": 23, "run_id": "live_scan_loop_023", "decision": "HOLD", "order_status": "NO_EXECUTE", "failure_code": "no_setup_match", "ticket": null, "open_positions": 0, "balance": 99998.79, "equity": 99998.79, "verdict": "PASS", "exit_code": 0}
{"timestamp": "2026-05-06T06:00:00.490995+00:00", "cycle": 24, "run_id": "live_scan_loop_024", "decision": "HOLD", "order_status": "NO_EXECUTE", "failure_code": "no_setup_match", "ticket": null, "open_positions": 0, "balance": 99998.79, "equity": 99998.79, "verdict": "PASS", "exit_code": 0}
{"timestamp": "2026-05-06T08:30:02.130167+00:00", "cycle": 1, "run_id": "live_scan_loop_001", "decision": "HOLD", "order_status": "NO_EXECUTE", "failure_code": "h1_neutral_gate", "ticket": null, "open_positions": 0, "balance": 99998.79, "equity": 99998.79, "verdict": "PASS", "exit_code": 0}
{"timestamp": "2026-05-06T08:45:00.556108+00:00", "cycle": 2, "run_id": "live_scan_loop_002", "decision": "HOLD", "order_status": "NO_EXECUTE", "failure_code": "h1_neutral_gate", "ticket": null, "open_positions": 0, "balance": 99998.79, "equity": 99998.79, "verdict": "PASS", "exit_code": 0}
{"timestamp": "2026-05-06T09:00:00.666509+00:00", "cycle": 3, "run_id": "live_scan_loop_003", "decision": "HOLD", "order_status": "NO_EXECUTE", "failure_code": "no_setup_match", "ticket": null, "open_positions": 0, "balance": 99998.79, "equity": 99998.79, "verdict": "PASS", "exit_code": 0}
{"timestamp": "2026-05-06T09:15:00.485629+00:00", "cycle": 4, "run_id": "live_scan_loop_004", "decision": "HOLD", "order_status": "NO_EXECUTE", "failure_code": "no_setup_match", "ticket": null, "open_positions": 0, "balance": 99998.79, "equity": 99998.79, "verdict": "PASS", "exit_code": 0}
{"timestamp": "2026-05-06T09:30:00.512901+00:00", "cycle": 1, "run_id": "live_scan_loop_001", "decision": "HOLD", "order_status": "NO_EXECUTE", "failure_code": "no_setup_match", "ticket": null, "open_positions": 0, "balance": 99998.79, "equity": 99998.79, "verdict": "PASS", "exit_code": 0}
{"timestamp": "2026-05-06T09:45:00.572981+00:00", "cycle": 2, "run_id": "live_scan_loop_002", "decision": "HOLD", "order_status": "NO_EXECUTE", "failure_code": "no_setup_match", "ticket": null, "open_positions": 0, "balance": 99998.79, "equity": 99998.79, "verdict": "PASS", "exit_code": 0}
{"timestamp": "2026-05-06T10:00:00.510643+00:00", "cycle": 3, "run_id": "live_scan_loop_003", "decision": "HOLD", "order_status": "NO_EXECUTE", "failure_code": "no_setup_match", "ticket": null, "open_positions": 0, "balance": 99998.79, "equity": 99998.79, "verdict": "PASS", "exit_code": 0}
{"timestamp": "2026-05-06T10:15:00.834119+00:00", "cycle": 4, "run_id": "live_scan_loop_004", "decision": "HOLD", "order_status": "NO_EXECUTE", "failure_code": "no_setup_match", "ticket": null, "open_positions": 0, "balance": 99998.79, "equity": 99998.79, "verdict": "PASS", "exit_code": 0}
{"timestamp": "2026-05-06T10:30:00.580415+00:00", "cycle": 5, "run_id": "live_scan_loop_005", "decision": "HOLD", "order_status": "NO_EXECUTE", "failure_code": "no_setup_match", "ticket": null, "open_positions": 0, "balance": 99998.79, "equity": 99998.79, "verdict": "PASS", "exit_code": 0}
{"timestamp": "2026-05-06T10:45:00.457492+00:00", "cycle": 6, "run_id": "live_scan_loop_006", "decision": "HOLD", "order_status": "NO_EXECUTE", "failure_code": "no_setup_match", "ticket": null, "open_positions": 0, "balance": 99998.79, "equity": 99998.79, "verdict": "PASS", "exit_code": 0}
{"timestamp": "2026-05-06T11:00:00.415328+00:00", "cycle": 7, "run_id": "live_scan_loop_007", "decision": "HOLD", "order_status": "NO_EXECUTE", "failure_code": "no_setup_match", "ticket": null, "open_positions": 0, "balance": 99998.79, "equity": 99998.79, "verdict": "PASS", "exit_code": 0}
{"timestamp": "2026-05-06T11:15:00.425096+00:00", "cycle": 8, "run_id": "live_scan_loop_008", "decision": "HOLD", "order_status": "NO_EXECUTE", "failure_code": "no_setup_match", "ticket": null, "open_positions": 0, "balance": 99998.79, "equity": 99998.79, "verdict": "PASS", "exit_code": 0}
{"timestamp": "2026-05-06T11:30:00.436193+00:00", "cycle": 9, "run_id": "live_scan_loop_009", "decision": "HOLD", "order_status": "NO_EXECUTE", "failure_code": "no_setup_match", "ticket": null, "open_positions": 0, "balance": 99998.79, "equity": 99998.79, "verdict": "PASS", "exit_code": 0}
{"timestamp": "2026-05-06T11:45:00.751520+00:00", "cycle": 10, "run_id": "live_scan_loop_010", "decision": "HOLD", "order_status": "NO_EXECUTE", "failure_code": "no_setup_match", "ticket": null, "open_positions": 0, "balance": 99998.79, "equity": 99998.79, "verdict": "PASS", "exit_code": 0}
{"timestamp": "2026-05-06T12:00:00.537528+00:00", "cycle": 11, "run_id": "live_scan_loop_011", "decision": "HOLD", "order_status": "NO_EXECUTE", "failure_code": "no_setup_match", "ticket": null, "open_positions": 0, "balance": 99998.79, "equity": 99998.79, "verdict": "PASS", "exit_code": 0}
{"timestamp": "2026-05-06T12:15:00.411595+00:00", "cycle": 12, "run_id": "live_scan_loop_012", "decision": "HOLD", "order_status": "NO_EXECUTE", "failure_code": "no_setup_match", "ticket": null, "open_positions": 0, "balance": 99998.79, "equity": 99998.79, "verdict": "PASS", "exit_code": 0}
{"timestamp": "2026-05-06T12:30:00.464372+00:00", "cycle": 13, "run_id": "live_scan_loop_013", "decision": "HOLD", "order_status": "NO_EXECUTE", "failure_code": "gate_blocked_setup_disabled", "ticket": null, "open_positions": 0, "balance": 99998.79, "equity": 99998.79, "verdict": "PASS", "exit_code": 0}
{"timestamp": "2026-05-06T12:45:00.426734+00:00", "cycle": 14, "run_id": "live_scan_loop_014", "decision": "HOLD", "order_status": "NO_EXECUTE", "failure_code": "gate_blocked_setup_disabled", "ticket": null, "open_positions": 0, "balance": 99998.79, "equity": 99998.79, "verdict": "PASS", "exit_code": 0}
{"timestamp": "2026-05-06T13:00:00.531585+00:00", "cycle": 15, "run_id": "live_scan_loop_015", "decision": "HOLD", "order_status": "NO_EXECUTE", "failure_code": "gate_blocked_setup_disabled", "ticket": null, "open_positions": 0, "balance": 99998.79, "equity": 99998.79, "verdict": "PASS", "exit_code": 0}
{"timestamp": "2026-05-06T13:15:00.551465+00:00", "cycle": 16, "run_id": "live_scan_loop_016", "decision": "HOLD", "order_status": "NO_EXECUTE", "failure_code": "no_setup_match", "ticket": null, "open_positions": 0, "balance": 99998.79, "equity": 99998.79, "verdict": "PASS", "exit_code": 0}
{"timestamp": "2026-05-06T13:30:00.507916+00:00", "cycle": 17, "run_id": "live_scan_loop_017", "decision": "HOLD", "order_status": "NO_EXECUTE", "failure_code": "no_setup_match", "ticket": null, "open_positions": 0, "balance": 99998.79, "equity": 99998.79, "verdict": "PASS", "exit_code": 0}
{"timestamp": "2026-05-06T13:45:00.519714+00:00", "cycle": 18, "run_id": "live_scan_loop_018", "decision": "HOLD", "order_status": "NO_EXECUTE", "failure_code": "no_setup_match", "ticket": null, "open_positions": 0, "balance": 99998.79, "equity": 99998.79, "verdict": "PASS", "exit_code": 0}
{"timestamp": "2026-05-06T14:00:01.424779+00:00", "cycle": 19, "run_id": "live_scan_loop_019", "decision": "HOLD", "order_status": "NO_EXECUTE", "failure_code": "no_setup_match", "ticket": null, "open_positions": 0, "balance": 99998.79, "equity": 99998.79, "verdict": "PASS", "exit_code": 0}
{"timestamp": "2026-05-06T14:15:00.396473+00:00", "cycle": 20, "run_id": "live_scan_loop_020", "decision": "HOLD", "order_status": "NO_EXECUTE", "failure_code": "no_setup_match", "ticket": null, "open_positions": 0, "balance": 99998.79, "equity": 99998.79, "verdict": "PASS", "exit_code": 0}
{"timestamp": "2026-05-06T14:30:00.957159+00:00", "cycle": 21, "run_id": "live_scan_loop_021", "decision": "HOLD", "order_status": "NO_EXECUTE", "failure_code": "no_setup_match", "ticket": null, "open_positions": 0, "balance": 99998.79, "equity": 99998.79, "verdict": "PASS", "exit_code": 0}
{"timestamp": "2026-05-06T14:45:00.451098+00:00", "cycle": 22, "run_id": "live_scan_loop_022", "decision": "REJECTED_EXIT_PLAN", "order_status": "NO_EXECUTE", "failure_code": "sl_too_close_for_regime_floor", "ticket": null, "open_positions": 0, "balance": 99998.79, "equity": 99998.79, "verdict": "PASS", "exit_code": 0}
